[    50.306] (--) Log file renamed from "/home/wyattsheu/.local/share/xorg/Xorg.pid-1605.log" to "/home/wyattsheu/.local/share/xorg/Xorg.0.log"
[    50.313] 
X.Org X Server 1.20.13
X Protocol Version 11, Revision 0
[    50.313] Build Operating System: linux Ubuntu
[    50.313] Current Operating System: Linux linux 5.15.0-101-generic #111~20.04.1-Ubuntu SMP Mon Mar 11 15:44:43 UTC 2024 x86_64
[    50.313] Kernel command line: BOOT_IMAGE=/boot/vmlinuz-5.15.0-101-generic root=UUID=2d3290f2-c41a-4158-8866-3546d6cfc7fc ro quiet splash
[    50.313] Build Date: 07 February 2023  12:48:13PM
[    50.313] xorg-server 2:1.20.13-1ubuntu1~20.04.6 (For technical support please see http://www.ubuntu.com/support) 
[    50.313] Current version of pixman: 0.38.4
[    50.313] 	Before reporting problems, check http://wiki.x.org
	to make sure that you have the latest version.
[    50.313] Markers: (--) probed, (**) from config file, (==) default setting,
	(++) from command line, (!!) notice, (II) informational,
	(WW) warning, (EE) error, (NI) not implemented, (??) unknown.
[    50.313] (==) Log file: "/home/wyattsheu/.local/share/xorg/Xorg.0.log", Time: Thu Apr 11 12:55:35 2024
[    50.325] (==) Using system config directory "/usr/share/X11/xorg.conf.d"
[    50.329] (==) No Layout section.  Using the first Screen section.
[    50.329] (==) No screen section available. Using defaults.
[    50.329] (**) |-->Screen "Default Screen Section" (0)
[    50.329] (**) |   |-->Monitor "<default monitor>"
[    50.331] (==) No monitor specified for screen "Default Screen Section".
	Using a default monitor configuration.
[    50.331] (==) Automatically adding devices
[    50.331] (==) Automatically enabling devices
[    50.331] (==) Automatically adding GPU devices
[    50.331] (==) Automatically binding GPU devices
[    50.331] (==) Max clients allowed: 256, resource mask: 0x1fffff
[    50.331] (WW) The directory "/usr/share/fonts/X11/cyrillic" does not exist.
[    50.331] 	Entry deleted from font path.
[    50.331] (WW) The directory "/usr/share/fonts/X11/100dpi/" does not exist.
[    50.331] 	Entry deleted from font path.
[    50.331] (WW) The directory "/usr/share/fonts/X11/75dpi/" does not exist.
[    50.331] 	Entry deleted from font path.
[    50.331] (WW) The directory "/usr/share/fonts/X11/100dpi" does not exist.
[    50.331] 	Entry deleted from font path.
[    50.331] (WW) The directory "/usr/share/fonts/X11/75dpi" does not exist.
[    50.331] 	Entry deleted from font path.
[    50.331] (==) FontPath set to:
	/usr/share/fonts/X11/misc,
	/usr/share/fonts/X11/Type1,
	built-ins
[    50.331] (==) ModulePath set to "/usr/lib/xorg/modules"
[    50.331] (II) The server relies on udev to provide the list of input devices.
	If no devices become available, reconfigure udev or disable AutoAddDevices.
[    50.331] (II) Loader magic: 0x5583ee679020
[    50.331] (II) Module ABI versions:
[    50.331] 	X.Org ANSI C Emulation: 0.4
[    50.331] 	X.Org Video Driver: 24.1
[    50.331] 	X.Org XInput driver : 24.1
[    50.331] 	X.Org Server Extension : 10.0
[    50.335] (++) using VT number 2

[    50.356] (II) systemd-logind: took control of session /org/freedesktop/login1/session/_32
[    50.357] (II) xfree86: Adding drm device (/dev/dri/card0)
[    50.359] (II) systemd-logind: got fd for /dev/dri/card0 226:0 fd 12 paused 0
[    50.362] (--) PCI:*(0@0:2:0) 15ad:0405:15ad:0405 rev 0, Mem @ 0xe0000000/16777216, 0xf0000000/2097152, I/O @ 0x0000d010/16, BIOS @ 0x????????/131072
[    50.362] (II) LoadModule: "glx"
[    50.366] (II) Loading /usr/lib/xorg/modules/extensions/libglx.so
[    50.373] (II) Module glx: vendor="X.Org Foundation"
[    50.373] 	compiled for 1.20.13, module version = 1.0.0
[    50.373] 	ABI class: X.Org Server Extension, version 10.0
[    50.373] (==) Matched vmware as autoconfigured driver 0
[    50.373] (==) Matched modesetting as autoconfigured driver 1
[    50.373] (==) Matched fbdev as autoconfigured driver 2
[    50.373] (==) Matched vesa as autoconfigured driver 3
[    50.373] (==) Assigned the driver to the xf86ConfigLayout
[    50.373] (II) LoadModule: "vmware"
[    50.373] (II) Loading /usr/lib/xorg/modules/drivers/vmware_drv.so
[    50.503] (II) Module vmware: vendor="X.Org Foundation"
[    50.503] 	compiled for 1.20.8, module version = 13.3.0
[    50.503] 	Module class: X.Org Video Driver
[    50.503] 	ABI class: X.Org Video Driver, version 24.1
[    50.503] (II) LoadModule: "modesetting"
[    50.504] (II) Loading /usr/lib/xorg/modules/drivers/modesetting_drv.so
[    50.518] (II) Module modesetting: vendor="X.Org Foundation"
[    50.518] 	compiled for 1.20.13, module version = 1.20.13
[    50.518] 	Module class: X.Org Video Driver
[    50.518] 	ABI class: X.Org Video Driver, version 24.1
[    50.518] (II) LoadModule: "fbdev"
[    50.518] (II) Loading /usr/lib/xorg/modules/drivers/fbdev_drv.so
[    50.519] (II) Module fbdev: vendor="X.Org Foundation"
[    50.519] 	compiled for 1.20.1, module version = 0.5.0
[    50.519] 	Module class: X.Org Video Driver
[    50.519] 	ABI class: X.Org Video Driver, version 24.0
[    50.519] (II) LoadModule: "vesa"
[    50.520] (II) Loading /usr/lib/xorg/modules/drivers/vesa_drv.so
[    50.522] (II) Module vesa: vendor="X.Org Foundation"
[    50.522] 	compiled for 1.20.4, module version = 2.4.0
[    50.522] 	Module class: X.Org Video Driver
[    50.522] 	ABI class: X.Org Video Driver, version 24.0
[    50.522] (II) vmware: driver for VMware SVGA: vmware0405, vmware0710
[    50.522] (II) modesetting: Driver for Modesetting Kernel Drivers: kms
[    50.522] (II) FBDEV: driver for framebuffer: fbdev
[    50.522] (II) VESA: driver for VESA chipsets: vesa
[    50.522] xf86EnableIOPorts: failed to set IOPL for I/O (Operation not permitted)
[    50.522] (WW) Falling back to old probe method for modesetting
[    50.522] (WW) Falling back to old probe method for fbdev
[    50.522] (II) Loading sub module "fbdevhw"
[    50.522] (II) LoadModule: "fbdevhw"
[    50.522] (II) Loading /usr/lib/xorg/modules/libfbdevhw.so
[    50.537] (II) Module fbdevhw: vendor="X.Org Foundation"
[    50.537] 	compiled for 1.20.13, module version = 0.0.2
[    50.537] 	ABI class: X.Org Video Driver, version 24.1
[    50.537] (EE) open /dev/fb0: Permission denied
[    50.537] (WW) VGA arbiter: cannot open kernel arbiter, no multi-card support
[    50.537] (II) vmware(0): Creating default Display subsection in Screen section
	"Default Screen Section" for depth/fbbpp 24/32
[    50.537] (--) vmware(0): DRM driver version is 2.19.0
[    50.537] (==) vmware(0): Depth 24, (--) framebuffer bpp 32
[    50.537] (==) vmware(0): RGB weight 888
[    50.537] (==) vmware(0): Default visual is TrueColor
[    50.537] (--) vmware(0): Min width 1, Max Width 8192.
[    50.537] (--) vmware(0): Min height 1, Max Height 8192.
[    50.542] (II) vmware(0): Output Virtual1 has no monitor section
[    50.542] (II) vmware(0): Output Virtual2 has no monitor section
[    50.542] (II) vmware(0): Output Virtual3 has no monitor section
[    50.542] (II) vmware(0): Output Virtual4 has no monitor section
[    50.542] (II) vmware(0): Output Virtual5 has no monitor section
[    50.542] (II) vmware(0): Output Virtual6 has no monitor section
[    50.542] (II) vmware(0): Output Virtual7 has no monitor section
[    50.542] (II) vmware(0): Output Virtual8 has no monitor section
[    50.542] (II) vmware(0): Printing probed modes for output Virtual1
[    50.542] (II) vmware(0): Modeline "800x600"x60.0   42.75  800 850 900 950  600 650 700 750 -hsync +vsync (45.0 kHz eP)
[    50.542] (II) vmware(0): Modeline "2560x1600"x60.0  348.50  2560 2752 3032 3504  1600 1603 1609 1658 -hsync +vsync (99.5 kHz e)
[    50.542] (II) vmware(0): Modeline "2560x1440"x60.0  241.50  2560 2608 2640 2720  1440 1443 1448 1481 +hsync -vsync (88.8 kHz e)
[    50.542] (II) vmware(0): Modeline "1920x1440"x60.0  234.00  1920 2048 2256 2600  1440 1441 1444 1500 -hsync +vsync (90.0 kHz e)
[    50.542] (II) vmware(0): Modeline "1856x1392"x60.0  218.25  1856 1952 2176 2528  1392 1393 1396 1439 -hsync +vsync (86.3 kHz e)
[    50.542] (II) vmware(0): Modeline "1792x1344"x60.0  204.75  1792 1920 2120 2448  1344 1345 1348 1394 -hsync +vsync (83.6 kHz e)
[    50.542] (II) vmware(0): Modeline "1920x1200"x59.9  193.25  1920 2056 2256 2592  1200 1203 1209 1245 -hsync +vsync (74.6 kHz e)
[    50.542] (II) vmware(0): Modeline "1920x1080"x60.0  173.00  1920 2048 2248 2576  1080 1083 1088 1120 -hsync +vsync (67.2 kHz e)
[    50.542] (II) vmware(0): Modeline "1600x1200"x60.0  162.00  1600 1664 1856 2160  1200 1201 1204 1250 +hsync +vsync (75.0 kHz e)
[    50.542] (II) vmware(0): Modeline "1680x1050"x60.0  146.25  1680 1784 1960 2240  1050 1053 1059 1089 -hsync +vsync (65.3 kHz e)
[    50.542] (II) vmware(0): Modeline "1400x1050"x60.0  121.75  1400 1488 1632 1864  1050 1053 1057 1089 -hsync +vsync (65.3 kHz e)
[    50.542] (II) vmware(0): Modeline "1280x1024"x60.0  108.00  1280 1328 1440 1688  1024 1025 1028 1066 +hsync +vsync (64.0 kHz e)
[    50.542] (II) vmware(0): Modeline "1440x900"x59.9  106.50  1440 1520 1672 1904  900 903 909 934 -hsync +vsync (55.9 kHz e)
[    50.542] (II) vmware(0): Modeline "1280x960"x60.0  108.00  1280 1376 1488 1800  960 961 964 1000 +hsync +vsync (60.0 kHz e)
[    50.542] (II) vmware(0): Modeline "1360x768"x60.0   85.50  1360 1424 1536 1792  768 771 777 795 +hsync +vsync (47.7 kHz e)
[    50.542] (II) vmware(0): Modeline "1280x800"x59.8   83.50  1280 1352 1480 1680  800 803 809 831 +hsync -vsync (49.7 kHz e)
[    50.542] (II) vmware(0): Modeline "1152x864"x75.0  108.00  1152 1216 1344 1600  864 865 868 900 +hsync +vsync (67.5 kHz e)
[    50.542] (II) vmware(0): Modeline "1280x768"x59.9   79.50  1280 1344 1472 1664  768 771 778 798 -hsync +vsync (47.8 kHz e)
[    50.542] (II) vmware(0): Modeline "1280x720"x59.9   74.50  1280 1344 1472 1664  720 723 728 748 -hsync +vsync (44.8 kHz e)
[    50.542] (II) vmware(0): Modeline "1024x768"x60.0   65.00  1024 1048 1184 1344  768 771 777 806 -hsync -vsync (48.4 kHz e)
[    50.542] (II) vmware(0): Modeline "800x600"x60.3   40.00  800 840 968 1056  600 601 605 628 +hsync +vsync (37.9 kHz e)
[    50.542] (II) vmware(0): Modeline "640x480"x59.9   25.18  640 656 752 800  480 489 492 525 -hsync -vsync (31.5 kHz e)
[    50.542] (II) vmware(0): EDID for output Virtual2
[    50.542] (II) vmware(0): EDID for output Virtual3
[    50.542] (II) vmware(0): EDID for output Virtual4
[    50.542] (II) vmware(0): EDID for output Virtual5
[    50.542] (II) vmware(0): EDID for output Virtual6
[    50.542] (II) vmware(0): EDID for output Virtual7
[    50.542] (II) vmware(0): EDID for output Virtual8
[    50.542] (II) vmware(0): Output Virtual1 connected
[    50.542] (II) vmware(0): Output Virtual2 disconnected
[    50.542] (II) vmware(0): Output Virtual3 disconnected
[    50.542] (II) vmware(0): Output Virtual4 disconnected
[    50.542] (II) vmware(0): Output Virtual5 disconnected
[    50.542] (II) vmware(0): Output Virtual6 disconnected
[    50.542] (II) vmware(0): Output Virtual7 disconnected
[    50.542] (II) vmware(0): Output Virtual8 disconnected
[    50.542] (II) vmware(0): Using exact sizes for initial modes
[    50.542] (II) vmware(0): Output Virtual1 using initial mode 800x600 +0+0
[    50.542] (==) vmware(0): DPI set to (96, 96)
[    50.542] (==) vmware(0): Using gamma correction (1.0, 1.0, 1.0)
[    50.542] (II) Loading sub module "fb"
[    50.542] (II) LoadModule: "fb"
[    50.543] (II) Loading /usr/lib/xorg/modules/libfb.so
[    50.554] (II) Module fb: vendor="X.Org Foundation"
[    50.554] 	compiled for 1.20.13, module version = 1.0.0
[    50.554] 	ABI class: X.Org ANSI C Emulation, version 0.4
[    50.554] (II) Loading sub module "dri2"
[    50.554] (II) LoadModule: "dri2"
[    50.554] (II) Module "dri2" already built-in
[    50.554] (II) Loading sub module "dri3"
[    50.554] (II) LoadModule: "dri3"
[    50.554] (II) Module "dri3" already built-in
[    50.554] (II) UnloadModule: "modesetting"
[    50.554] (II) Unloading modesetting
[    50.554] (II) UnloadModule: "fbdev"
[    50.554] (II) Unloading fbdev
[    50.554] (II) UnloadSubModule: "fbdevhw"
[    50.554] (II) Unloading fbdevhw
[    50.554] (II) UnloadModule: "vesa"
[    50.554] (II) Unloading vesa
[    50.561] (II) vmware(0): Initialized VMWARE_CTRL extension version 0.2
[    50.576] (WW) vmware(0): Failed to initialize Gallium3D Xa. No render acceleration available.
[    50.576] (WW) vmware(0): Skipped initialization of direct rendering due to lack of render acceleration.
[    50.576] (--) vmware(0): Render acceleration is disabled.
[    50.576] (==) vmware(0): Rendercheck mode is disabled.
[    50.576] (--) vmware(0): Direct rendering (DRI2 3D) is disabled.
[    50.576] (--) vmware(0): Direct rendering (DRI3 3D) is disabled.
[    50.576] (==) vmware(0): Backing store enabled
[    50.576] (==) vmware(0): Silken mouse enabled
[    50.584] (==) vmware(0): DPMS enabled
[    50.584] (II) vmware(0): No 3D acceleration. Not setting up textured video.
[    50.584] (WW) vmware(0): Disabling Xv because no adaptors could be initialized.
[    50.584] (II) Initializing extension Generic Event Extension
[    50.584] (II) Initializing extension SHAPE
[    50.584] (II) Initializing extension MIT-SHM
[    50.584] (II) Initializing extension XInputExtension
[    50.587] (II) Initializing extension XTEST
[    50.587] (II) Initializing extension BIG-REQUESTS
[    50.587] (II) Initializing extension SYNC
[    50.588] (II) Initializing extension XKEYBOARD
[    50.588] (II) Initializing extension XC-MISC
[    50.588] (II) Initializing extension SECURITY
[    50.588] (II) Initializing extension XFIXES
[    50.589] (II) Initializing extension RENDER
[    50.589] (II) Initializing extension RANDR
[    50.589] (II) Initializing extension COMPOSITE
[    50.589] (II) Initializing extension DAMAGE
[    50.589] (II) Initializing extension MIT-SCREEN-SAVER
[    50.589] (II) Initializing extension DOUBLE-BUFFER
[    50.589] (II) Initializing extension RECORD
[    50.589] (II) Initializing extension DPMS
[    50.589] (II) Initializing extension Present
[    50.589] (II) Initializing extension DRI3
[    50.589] (II) Initializing extension X-Resource
[    50.589] (II) Initializing extension XVideo
[    50.590] (II) Initializing extension XVideo-MotionCompensation
[    50.590] (II) Initializing extension SELinux
[    50.590] (II) SELinux: Disabled on system
[    50.590] (II) Initializing extension GLX
[    50.590] (II) AIGLX: Screen 0 is not DRI2 capable
[    50.603] (II) IGLX: Loaded and initialized swrast
[    50.603] (II) GLX: Initialized DRISWRAST GL provider for screen 0
[    50.603] (II) Initializing extension XFree86-VidModeExtension
[    50.603] (II) Initializing extension XFree86-DGA
[    50.603] (II) Initializing extension XFree86-DRI
[    50.604] (II) Initializing extension DRI2
[    50.675] (II) vmware(0): Setting screen physical size to 211 x 158
[    50.960] (II) config/udev: Adding input device Power Button (/dev/input/event0)
[    50.960] (**) Power Button: Applying InputClass "libinput keyboard catchall"
[    50.960] (II) LoadModule: "libinput"
[    50.960] (II) Loading /usr/lib/xorg/modules/input/libinput_drv.so
[    50.979] (II) Module libinput: vendor="X.Org Foundation"
[    50.979] 	compiled for 1.20.4, module version = 0.29.0
[    50.979] 	Module class: X.Org XInput Driver
[    50.979] 	ABI class: X.Org XInput driver, version 24.1
[    50.979] (II) Using input driver 'libinput' for 'Power Button'
[    50.985] (II) systemd-logind: got fd for /dev/input/event0 13:64 fd 20 paused 0
[    50.985] (**) Power Button: always reports core events
[    50.985] (**) Option "Device" "/dev/input/event0"
[    50.985] (**) Option "_source" "server/udev"
[    50.987] (II) event0  - Power Button: is tagged by udev as: Keyboard
[    50.987] (II) event0  - Power Button: device is a keyboard
[    50.987] (II) event0  - Power Button: device removed
[    50.987] (**) Option "config_info" "udev:/sys/devices/LNXSYSTM:00/LNXPWRBN:00/input/input0/event0"
[    50.987] (II) XINPUT: Adding extended input device "Power Button" (type: KEYBOARD, id 6)
[    50.987] (**) Option "xkb_model" "pc105"
[    50.987] (**) Option "xkb_layout" "us"
[    50.990] (II) event0  - Power Button: is tagged by udev as: Keyboard
[    50.990] (II) event0  - Power Button: device is a keyboard
[    50.990] (II) config/udev: Adding input device Sleep Button (/dev/input/event1)
[    50.990] (**) Sleep Button: Applying InputClass "libinput keyboard catchall"
[    50.990] (II) Using input driver 'libinput' for 'Sleep Button'
[    50.994] (II) systemd-logind: got fd for /dev/input/event1 13:65 fd 23 paused 0
[    50.994] (**) Sleep Button: always reports core events
[    50.994] (**) Option "Device" "/dev/input/event1"
[    50.994] (**) Option "_source" "server/udev"
[    51.022] (II) event1  - Sleep Button: is tagged by udev as: Keyboard
[    51.022] (II) event1  - Sleep Button: device is a keyboard
[    51.022] (II) event1  - Sleep Button: device removed
[    51.022] (**) Option "config_info" "udev:/sys/devices/LNXSYSTM:00/LNXSLPBN:00/input/input1/event1"
[    51.022] (II) XINPUT: Adding extended input device "Sleep Button" (type: KEYBOARD, id 7)
[    51.022] (**) Option "xkb_model" "pc105"
[    51.023] (**) Option "xkb_layout" "us"
[    51.027] (II) event1  - Sleep Button: is tagged by udev as: Keyboard
[    51.027] (II) event1  - Sleep Button: device is a keyboard
[    51.028] (II) config/udev: Adding input device Video Bus (/dev/input/event3)
[    51.028] (**) Video Bus: Applying InputClass "libinput keyboard catchall"
[    51.028] (II) Using input driver 'libinput' for 'Video Bus'
[    51.029] (II) systemd-logind: got fd for /dev/input/event3 13:67 fd 24 paused 0
[    51.029] (**) Video Bus: always reports core events
[    51.029] (**) Option "Device" "/dev/input/event3"
[    51.029] (**) Option "_source" "server/udev"
[    51.031] (II) event3  - Video Bus: is tagged by udev as: Keyboard
[    51.031] (II) event3  - Video Bus: device is a keyboard
[    51.031] (II) event3  - Video Bus: device removed
[    51.031] (**) Option "config_info" "udev:/sys/devices/LNXSYSTM:00/LNXSYBUS:00/PNP0A03:00/LNXVIDEO:00/input/input4/event3"
[    51.031] (II) XINPUT: Adding extended input device "Video Bus" (type: KEYBOARD, id 8)
[    51.031] (**) Option "xkb_model" "pc105"
[    51.031] (**) Option "xkb_layout" "us"
[    51.034] (II) event3  - Video Bus: is tagged by udev as: Keyboard
[    51.034] (II) event3  - Video Bus: device is a keyboard
[    51.035] (II) config/udev: Adding input device VirtualBox mouse integration (/dev/input/event6)
[    51.035] (**) VirtualBox mouse integration: Applying InputClass "libinput pointer catchall"
[    51.035] (II) Using input driver 'libinput' for 'VirtualBox mouse integration'
[    51.036] (II) systemd-logind: got fd for /dev/input/event6 13:70 fd 25 paused 0
[    51.036] (**) VirtualBox mouse integration: always reports core events
[    51.036] (**) Option "Device" "/dev/input/event6"
[    51.036] (**) Option "_source" "server/udev"
[    51.038] (II) event6  - VirtualBox mouse integration: is tagged by udev as: Mouse
[    51.038] (II) event6  - VirtualBox mouse integration: device is a pointer
[    51.038] (II) event6  - VirtualBox mouse integration: device removed
[    51.038] (**) Option "config_info" "udev:/sys/devices/pci0000:00/0000:00:04.0/input/input7/event6"
[    51.038] (II) XINPUT: Adding extended input device "VirtualBox mouse integration" (type: MOUSE, id 9)
[    51.039] (**) Option "AccelerationScheme" "none"
[    51.039] (**) VirtualBox mouse integration: (accel) selected scheme none/0
[    51.039] (**) VirtualBox mouse integration: (accel) acceleration factor: 2.000
[    51.039] (**) VirtualBox mouse integration: (accel) acceleration threshold: 4
[    51.041] (II) event6  - VirtualBox mouse integration: is tagged by udev as: Mouse
[    51.041] (II) event6  - VirtualBox mouse integration: device is a pointer
[    51.042] (II) config/udev: Adding input device VirtualBox mouse integration (/dev/input/js1)
[    51.042] (II) No input driver specified, ignoring this device.
[    51.042] (II) This device may have been added with another device file.
[    51.042] (II) config/udev: Adding input device VirtualBox mouse integration (/dev/input/mouse2)
[    51.042] (II) No input driver specified, ignoring this device.
[    51.042] (II) This device may have been added with another device file.
[    51.043] (II) config/udev: Adding input device VirtualBox USB Tablet (/dev/input/event5)
[    51.043] (**) VirtualBox USB Tablet: Applying InputClass "libinput pointer catchall"
[    51.043] (II) Using input driver 'libinput' for 'VirtualBox USB Tablet'
[    51.110] (II) systemd-logind: got fd for /dev/input/event5 13:69 fd 26 paused 0
[    51.110] (**) VirtualBox USB Tablet: always reports core events
[    51.110] (**) Option "Device" "/dev/input/event5"
[    51.110] (**) Option "_source" "server/udev"
[    51.115] (II) event5  - VirtualBox USB Tablet: is tagged by udev as: Mouse
[    51.116] (II) event5  - VirtualBox USB Tablet: device is a pointer
[    51.117] (II) event5  - VirtualBox USB Tablet: device removed
[    51.117] (**) Option "config_info" "udev:/sys/devices/pci0000:00/0000:00:06.0/usb2/2-1/2-1:1.0/0003:80EE:0021.0001/input/input6/event5"
[    51.117] (II) XINPUT: Adding extended input device "VirtualBox USB Tablet" (type: MOUSE, id 10)
[    51.118] (**) Option "AccelerationScheme" "none"
[    51.118] (**) VirtualBox USB Tablet: (accel) selected scheme none/0
[    51.118] (**) VirtualBox USB Tablet: (accel) acceleration factor: 2.000
[    51.118] (**) VirtualBox USB Tablet: (accel) acceleration threshold: 4
[    51.122] (II) event5  - VirtualBox USB Tablet: is tagged by udev as: Mouse
[    51.122] (II) event5  - VirtualBox USB Tablet: device is a pointer
[    51.123] (II) config/udev: Adding input device VirtualBox USB Tablet (/dev/input/js0)
[    51.123] (II) No input driver specified, ignoring this device.
[    51.123] (II) This device may have been added with another device file.
[    51.125] (II) config/udev: Adding input device VirtualBox USB Tablet (/dev/input/mouse1)
[    51.125] (II) No input driver specified, ignoring this device.
[    51.125] (II) This device may have been added with another device file.
[    51.126] (II) config/udev: Adding input device AT Translated Set 2 keyboard (/dev/input/event2)
[    51.126] (**) AT Translated Set 2 keyboard: Applying InputClass "libinput keyboard catchall"
[    51.126] (II) Using input driver 'libinput' for 'AT Translated Set 2 keyboard'
[    51.127] (II) systemd-logind: got fd for /dev/input/event2 13:66 fd 27 paused 0
[    51.128] (**) AT Translated Set 2 keyboard: always reports core events
[    51.128] (**) Option "Device" "/dev/input/event2"
[    51.128] (**) Option "_source" "server/udev"
[    51.132] (II) event2  - AT Translated Set 2 keyboard: is tagged by udev as: Keyboard
[    51.132] (II) event2  - AT Translated Set 2 keyboard: device is a keyboard
[    51.132] (II) event2  - AT Translated Set 2 keyboard: device removed
[    51.132] (**) Option "config_info" "udev:/sys/devices/platform/i8042/serio0/input/input2/event2"
[    51.132] (II) XINPUT: Adding extended input device "AT Translated Set 2 keyboard" (type: KEYBOARD, id 11)
[    51.132] (**) Option "xkb_model" "pc105"
[    51.132] (**) Option "xkb_layout" "us"
[    51.138] (II) event2  - AT Translated Set 2 keyboard: is tagged by udev as: Keyboard
[    51.139] (II) event2  - AT Translated Set 2 keyboard: device is a keyboard
[    51.140] (II) config/udev: Adding input device ImExPS/2 Generic Explorer Mouse (/dev/input/event4)
[    51.141] (**) ImExPS/2 Generic Explorer Mouse: Applying InputClass "libinput pointer catchall"
[    51.141] (II) Using input driver 'libinput' for 'ImExPS/2 Generic Explorer Mouse'
[    51.142] (II) systemd-logind: got fd for /dev/input/event4 13:68 fd 28 paused 0
[    51.142] (**) ImExPS/2 Generic Explorer Mouse: always reports core events
[    51.142] (**) Option "Device" "/dev/input/event4"
[    51.142] (**) Option "_source" "server/udev"
[    51.145] (II) event4  - ImExPS/2 Generic Explorer Mouse: is tagged by udev as: Mouse
[    51.145] (II) event4  - ImExPS/2 Generic Explorer Mouse: device is a pointer
[    51.145] (II) event4  - ImExPS/2 Generic Explorer Mouse: device removed
[    51.145] (**) Option "config_info" "udev:/sys/devices/platform/i8042/serio1/input/input5/event4"
[    51.145] (II) XINPUT: Adding extended input device "ImExPS/2 Generic Explorer Mouse" (type: MOUSE, id 12)
[    51.145] (**) Option "AccelerationScheme" "none"
[    51.145] (**) ImExPS/2 Generic Explorer Mouse: (accel) selected scheme none/0
[    51.145] (**) ImExPS/2 Generic Explorer Mouse: (accel) acceleration factor: 2.000
[    51.146] (**) ImExPS/2 Generic Explorer Mouse: (accel) acceleration threshold: 4
[    51.146] (II) event4  - ImExPS/2 Generic Explorer Mouse: is tagged by udev as: Mouse
[    51.146] (II) event4  - ImExPS/2 Generic Explorer Mouse: device is a pointer
[    51.146] (II) config/udev: Adding input device ImExPS/2 Generic Explorer Mouse (/dev/input/mouse0)
[    51.146] (II) No input driver specified, ignoring this device.
[    51.146] (II) This device may have been added with another device file.
